D:\MASASHI\ドキュメント\プログラム\PROJECTS\VC++\PROJECTS\NOTE_PAD\DEBUG\NOTE_PAD.EXE
D:\MASASHI\ドキュメント\プログラム\PROJECTS\VC++\PROJECTS\NOTE_PAD\DEBUG\NOTE_PAD.ILK
D:\MASASHI\ドキュメント\プログラム\PROJECTS\VC++\PROJECTS\NOTE_PAD\DEBUG\NOTE_PAD.PDB
D:\Masashi\ドキュメント\プログラム\Projects\VC++\Projects\NOTE_PAD\NOTE_PAD\Debug\cl.command.1.tlog
D:\Masashi\ドキュメント\プログラム\Projects\VC++\Projects\NOTE_PAD\NOTE_PAD\Debug\CL.read.1.tlog
D:\Masashi\ドキュメント\プログラム\Projects\VC++\Projects\NOTE_PAD\NOTE_PAD\Debug\CL.write.1.tlog
D:\Masashi\ドキュメント\プログラム\Projects\VC++\Projects\NOTE_PAD\NOTE_PAD\Debug\link.command.1.tlog
D:\Masashi\ドキュメント\プログラム\Projects\VC++\Projects\NOTE_PAD\NOTE_PAD\Debug\link.read.1.tlog
D:\Masashi\ドキュメント\プログラム\Projects\VC++\Projects\NOTE_PAD\NOTE_PAD\Debug\link.write.1.tlog
D:\Masashi\ドキュメント\プログラム\Projects\VC++\Projects\NOTE_PAD\NOTE_PAD\Debug\link-cvtres.read.1.tlog
D:\Masashi\ドキュメント\プログラム\Projects\VC++\Projects\NOTE_PAD\NOTE_PAD\Debug\link-cvtres.write.1.tlog
D:\Masashi\ドキュメント\プログラム\Projects\VC++\Projects\NOTE_PAD\NOTE_PAD\Debug\mt.command.1.tlog
D:\Masashi\ドキュメント\プログラム\Projects\VC++\Projects\NOTE_PAD\NOTE_PAD\Debug\mt.read.1.tlog
D:\Masashi\ドキュメント\プログラム\Projects\VC++\Projects\NOTE_PAD\NOTE_PAD\Debug\mt.write.1.tlog
D:\MASASHI\ドキュメント\プログラム\PROJECTS\VC++\PROJECTS\NOTE_PAD\NOTE_PAD\DEBUG\NOTE_PAD.EXE.INTERMEDIATE.MANIFEST
D:\MASASHI\ドキュメント\プログラム\PROJECTS\VC++\PROJECTS\NOTE_PAD\NOTE_PAD\DEBUG\NOTE_PAD.RES
D:\Masashi\ドキュメント\プログラム\Projects\VC++\Projects\NOTE_PAD\NOTE_PAD\Debug\rc.command.1.tlog
D:\Masashi\ドキュメント\プログラム\Projects\VC++\Projects\NOTE_PAD\NOTE_PAD\Debug\rc.read.1.tlog
D:\Masashi\ドキュメント\プログラム\Projects\VC++\Projects\NOTE_PAD\NOTE_PAD\Debug\rc.write.1.tlog
D:\Masashi\ドキュメント\プログラム\Projects\VC++\Projects\NOTE_PAD\NOTE_PAD\Debug\vc100.idb
D:\MASASHI\ドキュメント\プログラム\PROJECTS\VC++\PROJECTS\NOTE_PAD\NOTE_PAD\DEBUG\VC100.PDB
D:\MASASHI\ドキュメント\プログラム\PROJECTS\VC++\PROJECTS\NOTE_PAD\NOTE_PAD\DEBUG\WIN.OBJ
